<?xml version="1.0" encoding="UTF-8"?>
<!-- Generated by org.testng.reporters.JUnitReportReporter -->
<testsuite hostname="BMT-LAP-71" failures="0" tests="1" name="testRunner.TestRunner" time="52.673" errors="1" timestamp="21 Jun 2021 17:54:02 GMT" skipped="0">
  <testcase classname="testRunner.TestRunner" name="runScenario" time="52.673">
    <error message="Expected condition failed: waiting for visibility of [[ChromeDriver: chrome on WINDOWS (3ceaf34ccbf0ae62afe340db6d678449)] -&gt; id: days] (tried for 10 second(s) with 500 milliseconds interval)
Build info: version: &#039;3.141.59&#039;, revision: &#039;e82be7d358&#039;, time: &#039;2018-11-14T08:17:03&#039;
System info: host: &#039;BMT-LAP-71&#039;, ip: &#039;192.168.29.142&#039;, os.name: &#039;Windows 10&#039;, os.arch: &#039;amd64&#039;, os.version: &#039;10.0&#039;, java.version: &#039;15.0.2&#039;
Driver info: org.openqa.selenium.chrome.ChromeDriver
Capabilities {acceptInsecureCerts: false, browserName: chrome, browserVersion: 91.0.4472.77, chrome: {chromedriverVersion: 91.0.4472.101 (af52a90bf870..., userDataDir: C:\Users\ANUPAM~1\AppData\L...}, goog:chromeOptions: {debuggerAddress: localhost:55018}, javascriptEnabled: true, networkConnectionEnabled: false, pageLoadStrategy: normal, platform: WINDOWS, platformName: WINDOWS, proxy: Proxy(), setWindowRect: true, strictFileInteractability: false, timeouts: {implicit: 0, pageLoad: 300000, script: 30000}, unhandledPromptBehavior: dismiss and notify, webauthn:extension:largeBlob: true, webauthn:virtualAuthenticators: true}
Session ID: 3ceaf34ccbf0ae62afe340db6d678449" type="org.openqa.selenium.TimeoutException">
      <![CDATA[org.openqa.selenium.TimeoutException: Expected condition failed: waiting for visibility of [[ChromeDriver: chrome on WINDOWS (3ceaf34ccbf0ae62afe340db6d678449)] -> id: days] (tried for 10 second(s) with 500 milliseconds interval)
Build info: version: '3.141.59', revision: 'e82be7d358', time: '2018-11-14T08:17:03'
System info: host: 'BMT-LAP-71', ip: '192.168.29.142', os.name: 'Windows 10', os.arch: 'amd64', os.version: '10.0', java.version: '15.0.2'
Driver info: org.openqa.selenium.chrome.ChromeDriver
Capabilities {acceptInsecureCerts: false, browserName: chrome, browserVersion: 91.0.4472.77, chrome: {chromedriverVersion: 91.0.4472.101 (af52a90bf870..., userDataDir: C:\Users\ANUPAM~1\AppData\L...}, goog:chromeOptions: {debuggerAddress: localhost:55018}, javascriptEnabled: true, networkConnectionEnabled: false, pageLoadStrategy: normal, platform: WINDOWS, platformName: WINDOWS, proxy: Proxy(), setWindowRect: true, strictFileInteractability: false, timeouts: {implicit: 0, pageLoad: 300000, script: 30000}, unhandledPromptBehavior: dismiss and notify, webauthn:extension:largeBlob: true, webauthn:virtualAuthenticators: true}
Session ID: 3ceaf34ccbf0ae62afe340db6d678449
at org.openqa.selenium.support.ui.WebDriverWait.timeoutException(WebDriverWait.java:95)
at org.openqa.selenium.support.ui.FluentWait.until(FluentWait.java:272)
at core.DriverHelper.waitForElementToBePresent(DriverHelper.java:76)
at core.DriverHelper.selectFromDropdownList(DriverHelper.java:86)
at pageObjects.CreateAccountPage.fillPersonalInformation(CreateAccountPage.java:96)
at stepDefinitions.CreateAccountSteps.i_fill_all_the_required_details_and_submit_it(CreateAccountSteps.java:67)
at âœ½.I fill all the required details and submit it(file:src/test/resources/features/CreateAccount.feature:12)
]]>
    </error>
  </testcase> <!-- runScenario -->
</testsuite> <!-- testRunner.TestRunner -->
