{
  "uid" : "786f56a6997b4426",
  "name" : "As a new user I should be able to create a new account, logout from app then login again",
  "fullName" : "As a new user I should be able to create a new account and carry out shopping activity: As a new user I should be able to create a new account, logout from app then login again",
  "historyId" : "d9d64644ef380b1a3adc1b0b633ca152",
  "time" : {
    "start" : 1624296876834,
    "stop" : 1624296902699,
    "duration" : 25865
  },
  "status" : "failed",
  "statusMessage" : "expected [true] but found [false]",
  "statusTrace" : "java.lang.AssertionError: expected [true] but found [false]\r\n\tat org.testng.Assert.fail(Assert.java:96)\r\n\tat org.testng.Assert.failNotEquals(Assert.java:776)\r\n\tat org.testng.Assert.assertTrue(Assert.java:44)\r\n\tat org.testng.Assert.assertTrue(Assert.java:54)\r\n\tat pageObjects.SignInPage.verifyAuthenticationPage(SignInPage.java:56)\r\n\tat stepDefinitions.CreateAccountSteps.i_should_see_authentication_page(CreateAccountSteps.java:39)\r\n\tat ✽.I should see Authentication Page(file:src/test/resources/features/CreateAccount.feature:7)\r\n",
  "flaky" : false,
  "newFailed" : false,
  "beforeStages" : [ {
    "name" : "AppHooks.intialize()",
    "time" : {
      "start" : 1624296876837,
      "stop" : 1624296876843,
      "duration" : 6
    },
    "status" : "passed",
    "steps" : [ ],
    "attachments" : [ ],
    "parameters" : [ ],
    "stepsCount" : 0,
    "hasContent" : false,
    "shouldDisplayMessage" : false,
    "attachmentsCount" : 0
  }, {
    "name" : "AppHooks.launchBrowser()",
    "time" : {
      "start" : 1624296876843,
      "stop" : 1624296879148,
      "duration" : 2305
    },
    "status" : "passed",
    "steps" : [ ],
    "attachments" : [ ],
    "parameters" : [ ],
    "stepsCount" : 0,
    "hasContent" : false,
    "shouldDisplayMessage" : false,
    "attachmentsCount" : 0
  } ],
  "testStage" : {
    "status" : "failed",
    "statusMessage" : "expected [true] but found [false]",
    "statusTrace" : "java.lang.AssertionError: expected [true] but found [false]\r\n\tat org.testng.Assert.fail(Assert.java:96)\r\n\tat org.testng.Assert.failNotEquals(Assert.java:776)\r\n\tat org.testng.Assert.assertTrue(Assert.java:44)\r\n\tat org.testng.Assert.assertTrue(Assert.java:54)\r\n\tat pageObjects.SignInPage.verifyAuthenticationPage(SignInPage.java:56)\r\n\tat stepDefinitions.CreateAccountSteps.i_should_see_authentication_page(CreateAccountSteps.java:39)\r\n\tat ✽.I should see Authentication Page(file:src/test/resources/features/CreateAccount.feature:7)\r\n",
    "steps" : [ {
      "name" : "Given  I go to Sign In page",
      "time" : {
        "start" : 1624296879151,
        "stop" : 1624296894946,
        "duration" : 15795
      },
      "status" : "passed",
      "steps" : [ ],
      "attachments" : [ ],
      "parameters" : [ ],
      "stepsCount" : 0,
      "hasContent" : false,
      "shouldDisplayMessage" : false,
      "attachmentsCount" : 0
    }, {
      "name" : "When  I click on Sign In button and wait for Authentication page to load",
      "time" : {
        "start" : 1624296894950,
        "stop" : 1624296895406,
        "duration" : 456
      },
      "status" : "passed",
      "steps" : [ ],
      "attachments" : [ ],
      "parameters" : [ ],
      "stepsCount" : 0,
      "hasContent" : false,
      "shouldDisplayMessage" : false,
      "attachmentsCount" : 0
    }, {
      "name" : "Then  I should see Authentication Page",
      "time" : {
        "start" : 1624296895407,
        "stop" : 1624296901921,
        "duration" : 6514
      },
      "status" : "failed",
      "statusMessage" : "expected [true] but found [false]",
      "statusTrace" : "java.lang.AssertionError: expected [true] but found [false]\r\n\tat org.testng.Assert.fail(Assert.java:96)\r\n\tat org.testng.Assert.failNotEquals(Assert.java:776)\r\n\tat org.testng.Assert.assertTrue(Assert.java:44)\r\n\tat org.testng.Assert.assertTrue(Assert.java:54)\r\n\tat pageObjects.SignInPage.verifyAuthenticationPage(SignInPage.java:56)\r\n\tat stepDefinitions.CreateAccountSteps.i_should_see_authentication_page(CreateAccountSteps.java:39)\r\n\tat ✽.I should see Authentication Page(file:src/test/resources/features/CreateAccount.feature:7)\r\n",
      "steps" : [ ],
      "attachments" : [ ],
      "parameters" : [ ],
      "stepsCount" : 0,
      "hasContent" : true,
      "shouldDisplayMessage" : true,
      "attachmentsCount" : 0
    }, {
      "name" : "And  I should see Create an Account segment",
      "time" : {
        "start" : 1624296901947,
        "stop" : 1624296901947,
        "duration" : 0
      },
      "status" : "skipped",
      "steps" : [ ],
      "attachments" : [ ],
      "parameters" : [ ],
      "stepsCount" : 0,
      "hasContent" : false,
      "shouldDisplayMessage" : false,
      "attachmentsCount" : 0
    }, {
      "name" : "When  I enter my email address",
      "time" : {
        "start" : 1624296901949,
        "stop" : 1624296901950,
        "duration" : 1
      },
      "status" : "skipped",
      "steps" : [ ],
      "attachments" : [ ],
      "parameters" : [ ],
      "stepsCount" : 0,
      "hasContent" : false,
      "shouldDisplayMessage" : false,
      "attachmentsCount" : 0
    }, {
      "name" : "And  I click on Create an Account button",
      "time" : {
        "start" : 1624296901953,
        "stop" : 1624296901954,
        "duration" : 1
      },
      "status" : "skipped",
      "steps" : [ ],
      "attachments" : [ ],
      "parameters" : [ ],
      "stepsCount" : 0,
      "hasContent" : false,
      "shouldDisplayMessage" : false,
      "attachmentsCount" : 0
    }, {
      "name" : "Then  I should see Create an Account form page",
      "time" : {
        "start" : 1624296901960,
        "stop" : 1624296901961,
        "duration" : 1
      },
      "status" : "skipped",
      "steps" : [ ],
      "attachments" : [ ],
      "parameters" : [ ],
      "stepsCount" : 0,
      "hasContent" : false,
      "shouldDisplayMessage" : false,
      "attachmentsCount" : 0
    }, {
      "name" : "When  I fill all the required details and submit it",
      "time" : {
        "start" : 1624296901966,
        "stop" : 1624296901974,
        "duration" : 8
      },
      "status" : "skipped",
      "steps" : [ ],
      "attachments" : [ {
        "uid" : "b6bbde14845ab49",
        "name" : "Data table",
        "source" : "b6bbde14845ab49.csv",
        "type" : "text/tab-separated-values",
        "size" : 127
      } ],
      "parameters" : [ ],
      "stepsCount" : 0,
      "hasContent" : true,
      "shouldDisplayMessage" : false,
      "attachmentsCount" : 1
    }, {
      "name" : "Then  I should see My Account page",
      "time" : {
        "start" : 1624296901975,
        "stop" : 1624296901977,
        "duration" : 2
      },
      "status" : "skipped",
      "steps" : [ ],
      "attachments" : [ ],
      "parameters" : [ ],
      "stepsCount" : 0,
      "hasContent" : false,
      "shouldDisplayMessage" : false,
      "attachmentsCount" : 0
    }, {
      "name" : "And  I should see that my correct name is displayed as \"Anupam Singh\"",
      "time" : {
        "start" : 1624296901978,
        "stop" : 1624296901979,
        "duration" : 1
      },
      "status" : "skipped",
      "steps" : [ ],
      "attachments" : [ ],
      "parameters" : [ ],
      "stepsCount" : 0,
      "hasContent" : false,
      "shouldDisplayMessage" : false,
      "attachmentsCount" : 0
    }, {
      "name" : "When  I click on Sign out button",
      "time" : {
        "start" : 1624296901980,
        "stop" : 1624296901981,
        "duration" : 1
      },
      "status" : "skipped",
      "steps" : [ ],
      "attachments" : [ ],
      "parameters" : [ ],
      "stepsCount" : 0,
      "hasContent" : false,
      "shouldDisplayMessage" : false,
      "attachmentsCount" : 0
    }, {
      "name" : "Then  I should see Authentication Page",
      "time" : {
        "start" : 1624296901982,
        "stop" : 1624296901982,
        "duration" : 0
      },
      "status" : "skipped",
      "steps" : [ ],
      "attachments" : [ ],
      "parameters" : [ ],
      "stepsCount" : 0,
      "hasContent" : false,
      "shouldDisplayMessage" : false,
      "attachmentsCount" : 0
    }, {
      "name" : "And  I should see Already Registered segment",
      "time" : {
        "start" : 1624296901983,
        "stop" : 1624296901983,
        "duration" : 0
      },
      "status" : "skipped",
      "steps" : [ ],
      "attachments" : [ ],
      "parameters" : [ ],
      "stepsCount" : 0,
      "hasContent" : false,
      "shouldDisplayMessage" : false,
      "attachmentsCount" : 0
    }, {
      "name" : "When  I enter my registered email address and password",
      "time" : {
        "start" : 1624296901986,
        "stop" : 1624296901987,
        "duration" : 1
      },
      "status" : "skipped",
      "steps" : [ ],
      "attachments" : [ ],
      "parameters" : [ ],
      "stepsCount" : 0,
      "hasContent" : false,
      "shouldDisplayMessage" : false,
      "attachmentsCount" : 0
    }, {
      "name" : "And  I click on Sign In button",
      "time" : {
        "start" : 1624296901993,
        "stop" : 1624296901994,
        "duration" : 1
      },
      "status" : "skipped",
      "steps" : [ ],
      "attachments" : [ ],
      "parameters" : [ ],
      "stepsCount" : 0,
      "hasContent" : false,
      "shouldDisplayMessage" : false,
      "attachmentsCount" : 0
    }, {
      "name" : "Then  I should see My Account page",
      "time" : {
        "start" : 1624296901996,
        "stop" : 1624296901996,
        "duration" : 0
      },
      "status" : "skipped",
      "steps" : [ ],
      "attachments" : [ ],
      "parameters" : [ ],
      "stepsCount" : 0,
      "hasContent" : false,
      "shouldDisplayMessage" : false,
      "attachmentsCount" : 0
    }, {
      "name" : "And  I should see that my correct name is displayed as \"Anupam Singh\"",
      "time" : {
        "start" : 1624296901998,
        "stop" : 1624296901998,
        "duration" : 0
      },
      "status" : "skipped",
      "steps" : [ ],
      "attachments" : [ ],
      "parameters" : [ ],
      "stepsCount" : 0,
      "hasContent" : false,
      "shouldDisplayMessage" : false,
      "attachmentsCount" : 0
    } ],
    "attachments" : [ ],
    "parameters" : [ ],
    "stepsCount" : 17,
    "hasContent" : true,
    "shouldDisplayMessage" : false,
    "attachmentsCount" : 1
  },
  "afterStages" : [ {
    "name" : "AppHooks.takeScreenShotOnFailure(Scenario)",
    "time" : {
      "start" : 1624296894947,
      "stop" : 1624296894948,
      "duration" : 1
    },
    "status" : "passed",
    "steps" : [ ],
    "attachments" : [ ],
    "parameters" : [ ],
    "stepsCount" : 0,
    "hasContent" : false,
    "shouldDisplayMessage" : false,
    "attachmentsCount" : 0
  }, {
    "name" : "AppHooks.takeScreenShotOnFailure(Scenario)",
    "time" : {
      "start" : 1624296895406,
      "stop" : 1624296895407,
      "duration" : 1
    },
    "status" : "passed",
    "steps" : [ ],
    "attachments" : [ ],
    "parameters" : [ ],
    "stepsCount" : 0,
    "hasContent" : false,
    "shouldDisplayMessage" : false,
    "attachmentsCount" : 0
  }, {
    "name" : "AppHooks.takeScreenShotOnFailure(Scenario)",
    "time" : {
      "start" : 1624296901922,
      "stop" : 1624296901944,
      "duration" : 22
    },
    "status" : "broken",
    "statusMessage" : "AfterStep is failed: no such window: target window already closed\nfrom unknown error: web view not found\n  (Session info: chrome=91.0.4472.77)\nBuild info: version: '3.141.59', revision: 'e82be7d358', time: '2018-11-14T08:17:03'\nSystem info: host: 'BMT-LAP-71', ip: '192.168.29.142', os.name: 'Windows 10', os.arch: 'amd64', os.version: '10.0', java.version: '15.0.2'\nDriver info: org.openqa.selenium.chrome.ChromeDriver\nCapabilities {acceptInsecureCerts: false, browserName: chrome, browserVersion: 91.0.4472.77, chrome: {chromedriverVersion: 91.0.4472.101 (af52a90bf870..., userDataDir: C:\\Users\\ANUPAM~1\\AppData\\L...}, goog:chromeOptions: {debuggerAddress: localhost:59854}, javascriptEnabled: true, networkConnectionEnabled: false, pageLoadStrategy: normal, platform: WINDOWS, platformName: WINDOWS, proxy: Proxy(), setWindowRect: true, strictFileInteractability: false, timeouts: {implicit: 0, pageLoad: 300000, script: 30000}, unhandledPromptBehavior: dismiss and notify, webauthn:extension:largeBlob: true, webauthn:virtualAuthenticators: true}\nSession ID: bfe7ec923c39db23b9f010fe2968bd3d",
    "statusTrace" : "org.openqa.selenium.NoSuchWindowException: no such window: target window already closed\nfrom unknown error: web view not found\n  (Session info: chrome=91.0.4472.77)\nBuild info: version: '3.141.59', revision: 'e82be7d358', time: '2018-11-14T08:17:03'\nSystem info: host: 'BMT-LAP-71', ip: '192.168.29.142', os.name: 'Windows 10', os.arch: 'amd64', os.version: '10.0', java.version: '15.0.2'\nDriver info: org.openqa.selenium.chrome.ChromeDriver\nCapabilities {acceptInsecureCerts: false, browserName: chrome, browserVersion: 91.0.4472.77, chrome: {chromedriverVersion: 91.0.4472.101 (af52a90bf870..., userDataDir: C:\\Users\\ANUPAM~1\\AppData\\L...}, goog:chromeOptions: {debuggerAddress: localhost:59854}, javascriptEnabled: true, networkConnectionEnabled: false, pageLoadStrategy: normal, platform: WINDOWS, platformName: WINDOWS, proxy: Proxy(), setWindowRect: true, strictFileInteractability: false, timeouts: {implicit: 0, pageLoad: 300000, script: 30000}, unhandledPromptBehavior: dismiss and notify, webauthn:extension:largeBlob: true, webauthn:virtualAuthenticators: true}\nSession ID: bfe7ec923c39db23b9f010fe2968bd3d\r\n\tat java.base/jdk.internal.reflect.NativeConstructorAccessorImpl.newInstance0(Native Method)\r\n\tat java.base/jdk.internal.reflect.NativeConstructorAccessorImpl.newInstance(NativeConstructorAccessorImpl.java:64)\r\n\tat java.base/jdk.internal.reflect.DelegatingConstructorAccessorImpl.newInstance(DelegatingConstructorAccessorImpl.java:45)\r\n\tat java.base/java.lang.reflect.Constructor.newInstanceWithCaller(Constructor.java:500)\r\n\tat java.base/java.lang.reflect.Constructor.newInstance(Constructor.java:481)\r\n\tat org.openqa.selenium.remote.http.W3CHttpResponseCodec.createException(W3CHttpResponseCodec.java:187)\r\n\tat org.openqa.selenium.remote.http.W3CHttpResponseCodec.decode(W3CHttpResponseCodec.java:122)\r\n\tat org.openqa.selenium.remote.http.W3CHttpResponseCodec.decode(W3CHttpResponseCodec.java:49)\r\n\tat org.openqa.selenium.remote.HttpCommandExecutor.execute(HttpCommandExecutor.java:158)\r\n\tat org.openqa.selenium.remote.service.DriverCommandExecutor.execute(DriverCommandExecutor.java:83)\r\n\tat org.openqa.selenium.remote.RemoteWebDriver.execute(RemoteWebDriver.java:552)\r\n\tat org.openqa.selenium.remote.RemoteWebDriver.execute(RemoteWebDriver.java:609)\r\n\tat org.openqa.selenium.remote.RemoteWebDriver.getScreenshotAs(RemoteWebDriver.java:295)\r\n\tat stepDefinitions.AppHooks.takeScreenshot(AppHooks.java:53)\r\n\tat stepDefinitions.AppHooks.takeScreenShotOnFailure(AppHooks.java:42)\r\n\tat java.base/jdk.internal.reflect.NativeMethodAccessorImpl.invoke0(Native Method)\r\n\tat java.base/jdk.internal.reflect.NativeMethodAccessorImpl.invoke(NativeMethodAccessorImpl.java:64)\r\n\tat java.base/jdk.internal.reflect.DelegatingMethodAccessorImpl.invoke(DelegatingMethodAccessorImpl.java:43)\r\n\tat java.base/java.lang.reflect.Method.invoke(Method.java:564)\r\n\tat cucumber.runtime.Utils$1.call(Utils.java:26)\r\n\tat cucumber.runtime.Timeout.timeout(Timeout.java:16)\r\n\tat cucumber.runtime.Utils.invoke(Utils.java:20)\r\n\tat cucumber.runtime.java.JavaHookDefinition.execute(JavaHookDefinition.java:65)\r\n\tat cucumber.runner.HookDefinitionMatch.runStep(HookDefinitionMatch.java:16)\r\n\tat cucumber.runner.TestStep.executeStep(TestStep.java:65)\r\n\tat cucumber.runner.TestStep.run(TestStep.java:50)\r\n\tat cucumber.runner.PickleStepTestStep.run(PickleStepTestStep.java:46)\r\n\tat cucumber.runner.TestCase.run(TestCase.java:46)\r\n\tat cucumber.runner.Runner.runPickle(Runner.java:50)\r\n\tat io.cucumber.testng.TestNGCucumberRunner.runScenario(TestNGCucumberRunner.java:79)\r\n\tat io.cucumber.testng.AbstractTestNGCucumberTests.runScenario(AbstractTestNGCucumberTests.java:24)\r\n\tat java.base/jdk.internal.reflect.NativeMethodAccessorImpl.invoke0(Native Method)\r\n\tat java.base/jdk.internal.reflect.NativeMethodAccessorImpl.invoke(NativeMethodAccessorImpl.java:64)\r\n\tat java.base/jdk.internal.reflect.DelegatingMethodAccessorImpl.invoke(DelegatingMethodAccessorImpl.java:43)\r\n\tat java.base/java.lang.reflect.Method.invoke(Method.java:564)\r\n\tat org.testng.internal.MethodInvocationHelper.invokeMethod(MethodInvocationHelper.java:124)\r\n\tat org.testng.internal.Invoker.invokeMethod(Invoker.java:583)\r\n\tat org.testng.internal.Invoker.invokeTestMethod(Invoker.java:719)\r\n\tat org.testng.internal.Invoker.invokeTestMethods(Invoker.java:989)\r\n\tat org.testng.internal.TestMethodWorker.invokeTestMethods(TestMethodWorker.java:125)\r\n\tat org.testng.internal.TestMethodWorker.run(TestMethodWorker.java:109)\r\n\tat org.testng.TestRunner.privateRun(TestRunner.java:648)\r\n\tat org.testng.TestRunner.run(TestRunner.java:505)\r\n\tat org.testng.SuiteRunner.runTest(SuiteRunner.java:455)\r\n\tat org.testng.SuiteRunner.runSequentially(SuiteRunner.java:450)\r\n\tat org.testng.SuiteRunner.privateRun(SuiteRunner.java:415)\r\n\tat org.testng.SuiteRunner.run(SuiteRunner.java:364)\r\n\tat org.testng.SuiteRunnerWorker.runSuite(SuiteRunnerWorker.java:52)\r\n\tat org.testng.SuiteRunnerWorker.run(SuiteRunnerWorker.java:84)\r\n\tat org.testng.TestNG.runSuitesSequentially(TestNG.java:1208)\r\n\tat org.testng.TestNG.runSuitesLocally(TestNG.java:1137)\r\n\tat org.testng.TestNG.runSuites(TestNG.java:1049)\r\n\tat org.testng.TestNG.run(TestNG.java:1017)\r\n\tat org.apache.maven.surefire.testng.TestNGExecutor.run(TestNGExecutor.java:284)\r\n\tat org.apache.maven.surefire.testng.TestNGXmlTestSuite.execute(TestNGXmlTestSuite.java:75)\r\n\tat org.apache.maven.surefire.testng.TestNGProvider.invoke(TestNGProvider.java:119)\r\n\tat org.apache.maven.surefire.booter.ForkedBooter.runSuitesInProcess(ForkedBooter.java:428)\r\n\tat org.apache.maven.surefire.booter.ForkedBooter.execute(ForkedBooter.java:162)\r\n\tat org.apache.maven.surefire.booter.ForkedBooter.run(ForkedBooter.java:562)\r\n\tat org.apache.maven.surefire.booter.ForkedBooter.main(ForkedBooter.java:548)\r\n",
    "steps" : [ ],
    "attachments" : [ ],
    "parameters" : [ ],
    "stepsCount" : 0,
    "hasContent" : true,
    "shouldDisplayMessage" : true,
    "attachmentsCount" : 0
  }, {
    "name" : "AppHooks.takeScreenShotOnFailure(Scenario)",
    "time" : {
      "start" : 1624296901949,
      "stop" : 1624296901949,
      "duration" : 0
    },
    "status" : "skipped",
    "statusMessage" : "AfterStep is failed.",
    "steps" : [ ],
    "attachments" : [ ],
    "parameters" : [ ],
    "stepsCount" : 0,
    "hasContent" : true,
    "shouldDisplayMessage" : true,
    "attachmentsCount" : 0
  }, {
    "name" : "AppHooks.takeScreenShotOnFailure(Scenario)",
    "time" : {
      "start" : 1624296901952,
      "stop" : 1624296901952,
      "duration" : 0
    },
    "status" : "skipped",
    "statusMessage" : "AfterStep is failed.",
    "steps" : [ ],
    "attachments" : [ ],
    "parameters" : [ ],
    "stepsCount" : 0,
    "hasContent" : true,
    "shouldDisplayMessage" : true,
    "attachmentsCount" : 0
  }, {
    "name" : "AppHooks.takeScreenShotOnFailure(Scenario)",
    "time" : {
      "start" : 1624296901954,
      "stop" : 1624296901954,
      "duration" : 0
    },
    "status" : "skipped",
    "statusMessage" : "AfterStep is failed.",
    "steps" : [ ],
    "attachments" : [ ],
    "parameters" : [ ],
    "stepsCount" : 0,
    "hasContent" : true,
    "shouldDisplayMessage" : true,
    "attachmentsCount" : 0
  }, {
    "name" : "AppHooks.takeScreenShotOnFailure(Scenario)",
    "time" : {
      "start" : 1624296901965,
      "stop" : 1624296901965,
      "duration" : 0
    },
    "status" : "skipped",
    "statusMessage" : "AfterStep is failed.",
    "steps" : [ ],
    "attachments" : [ ],
    "parameters" : [ ],
    "stepsCount" : 0,
    "hasContent" : true,
    "shouldDisplayMessage" : true,
    "attachmentsCount" : 0
  }, {
    "name" : "AppHooks.takeScreenShotOnFailure(Scenario)",
    "time" : {
      "start" : 1624296901975,
      "stop" : 1624296901975,
      "duration" : 0
    },
    "status" : "skipped",
    "statusMessage" : "AfterStep is failed.",
    "steps" : [ ],
    "attachments" : [ ],
    "parameters" : [ ],
    "stepsCount" : 0,
    "hasContent" : true,
    "shouldDisplayMessage" : true,
    "attachmentsCount" : 0
  }, {
    "name" : "AppHooks.takeScreenShotOnFailure(Scenario)",
    "time" : {
      "start" : 1624296901978,
      "stop" : 1624296901978,
      "duration" : 0
    },
    "status" : "skipped",
    "statusMessage" : "AfterStep is failed.",
    "steps" : [ ],
    "attachments" : [ ],
    "parameters" : [ ],
    "stepsCount" : 0,
    "hasContent" : true,
    "shouldDisplayMessage" : true,
    "attachmentsCount" : 0
  }, {
    "name" : "AppHooks.takeScreenShotOnFailure(Scenario)",
    "time" : {
      "start" : 1624296901979,
      "stop" : 1624296901980,
      "duration" : 1
    },
    "status" : "skipped",
    "statusMessage" : "AfterStep is failed.",
    "steps" : [ ],
    "attachments" : [ ],
    "parameters" : [ ],
    "stepsCount" : 0,
    "hasContent" : true,
    "shouldDisplayMessage" : true,
    "attachmentsCount" : 0
  }, {
    "name" : "AppHooks.takeScreenShotOnFailure(Scenario)",
    "time" : {
      "start" : 1624296901981,
      "stop" : 1624296901981,
      "duration" : 0
    },
    "status" : "skipped",
    "statusMessage" : "AfterStep is failed.",
    "steps" : [ ],
    "attachments" : [ ],
    "parameters" : [ ],
    "stepsCount" : 0,
    "hasContent" : true,
    "shouldDisplayMessage" : true,
    "attachmentsCount" : 0
  }, {
    "name" : "AppHooks.takeScreenShotOnFailure(Scenario)",
    "time" : {
      "start" : 1624296901982,
      "stop" : 1624296901982,
      "duration" : 0
    },
    "status" : "skipped",
    "statusMessage" : "AfterStep is failed.",
    "steps" : [ ],
    "attachments" : [ ],
    "parameters" : [ ],
    "stepsCount" : 0,
    "hasContent" : true,
    "shouldDisplayMessage" : true,
    "attachmentsCount" : 0
  }, {
    "name" : "AppHooks.takeScreenShotOnFailure(Scenario)",
    "time" : {
      "start" : 1624296901984,
      "stop" : 1624296901984,
      "duration" : 0
    },
    "status" : "skipped",
    "statusMessage" : "AfterStep is failed.",
    "steps" : [ ],
    "attachments" : [ ],
    "parameters" : [ ],
    "stepsCount" : 0,
    "hasContent" : true,
    "shouldDisplayMessage" : true,
    "attachmentsCount" : 0
  }, {
    "name" : "AppHooks.takeScreenShotOnFailure(Scenario)",
    "time" : {
      "start" : 1624296901991,
      "stop" : 1624296901992,
      "duration" : 1
    },
    "status" : "skipped",
    "statusMessage" : "AfterStep is failed.",
    "steps" : [ ],
    "attachments" : [ ],
    "parameters" : [ ],
    "stepsCount" : 0,
    "hasContent" : true,
    "shouldDisplayMessage" : true,
    "attachmentsCount" : 0
  }, {
    "name" : "AppHooks.takeScreenShotOnFailure(Scenario)",
    "time" : {
      "start" : 1624296901995,
      "stop" : 1624296901995,
      "duration" : 0
    },
    "status" : "skipped",
    "statusMessage" : "AfterStep is failed.",
    "steps" : [ ],
    "attachments" : [ ],
    "parameters" : [ ],
    "stepsCount" : 0,
    "hasContent" : true,
    "shouldDisplayMessage" : true,
    "attachmentsCount" : 0
  }, {
    "name" : "AppHooks.takeScreenShotOnFailure(Scenario)",
    "time" : {
      "start" : 1624296901996,
      "stop" : 1624296901997,
      "duration" : 1
    },
    "status" : "skipped",
    "statusMessage" : "AfterStep is failed.",
    "steps" : [ ],
    "attachments" : [ ],
    "parameters" : [ ],
    "stepsCount" : 0,
    "hasContent" : true,
    "shouldDisplayMessage" : true,
    "attachmentsCount" : 0
  }, {
    "name" : "AppHooks.takeScreenShotOnFailure(Scenario)",
    "time" : {
      "start" : 1624296901999,
      "stop" : 1624296901999,
      "duration" : 0
    },
    "status" : "skipped",
    "statusMessage" : "AfterStep is failed.",
    "steps" : [ ],
    "attachments" : [ ],
    "parameters" : [ ],
    "stepsCount" : 0,
    "hasContent" : true,
    "shouldDisplayMessage" : true,
    "attachmentsCount" : 0
  }, {
    "name" : "AppHooks.closeBrowser(Scenario)",
    "time" : {
      "start" : 1624296902000,
      "stop" : 1624296902697,
      "duration" : 697
    },
    "status" : "passed",
    "steps" : [ ],
    "attachments" : [ ],
    "parameters" : [ ],
    "stepsCount" : 0,
    "hasContent" : false,
    "shouldDisplayMessage" : false,
    "attachmentsCount" : 0
  } ],
  "labels" : [ {
    "name" : "host",
    "value" : "BMT-LAP-71"
  }, {
    "name" : "thread",
    "value" : "19772@BMT-LAP-71.main(1)"
  }, {
    "name" : "feature",
    "value" : "As a new user I should be able to create a new account and carry out shopping activity"
  }, {
    "name" : "story",
    "value" : "As a new user I should be able to create a new account, logout from app then login again"
  }, {
    "name" : "suite",
    "value" : "As a new user I should be able to create a new account and carry out shopping activity"
  }, {
    "name" : "testClass",
    "value" : "As a new user I should be able to create a new account, logout from app then login again"
  }, {
    "name" : "framework",
    "value" : "cucumber4jvm"
  }, {
    "name" : "language",
    "value" : "java"
  }, {
    "name" : "gherkin_uri",
    "value" : "file:src/test/resources/features/CreateAccount.feature"
  }, {
    "name" : "package",
    "value" : "src.test.resources.features.CreateAccount_feature.As a new user I should be able to create a new account and carry out shopping activity"
  }, {
    "name" : "resultFormat",
    "value" : "allure2"
  } ],
  "parameters" : [ ],
  "links" : [ ],
  "hidden" : true,
  "retry" : true,
  "extra" : {
    "categories" : [ ],
    "tags" : [ ]
  },
  "source" : "786f56a6997b4426.json",
  "parameterValues" : [ ]
}