{
  "uid" : "7dec857038b89821",
  "name" : "As a new user I should be able to create a new account, logout from app then login again",
  "fullName" : "As a new user I should be able to create a new account and carry out shopping activity: As a new user I should be able to create a new account, logout from app then login again",
  "historyId" : "d9d64644ef380b1a3adc1b0b633ca152",
  "time" : {
    "start" : 1624283900925,
    "stop" : 1624283954566,
    "duration" : 53641
  },
  "status" : "broken",
  "statusMessage" : "Expected condition failed: waiting for visibility of [[ChromeDriver: chrome on WINDOWS (5b79fef2506ea8f52ce95e6dc2ba67ca)] -> id: days] (tried for 10 second(s) with 500 milliseconds interval)\nBuild info: version: '3.141.59', revision: 'e82be7d358', time: '2018-11-14T08:17:03'\nSystem info: host: 'BMT-LAP-71', ip: '192.168.29.142', os.name: 'Windows 10', os.arch: 'amd64', os.version: '10.0', java.version: '15.0.2'\nDriver info: org.openqa.selenium.chrome.ChromeDriver\nCapabilities {acceptInsecureCerts: false, browserName: chrome, browserVersion: 91.0.4472.77, chrome: {chromedriverVersion: 91.0.4472.101 (af52a90bf870..., userDataDir: C:\\Users\\ANUPAM~1\\AppData\\L...}, goog:chromeOptions: {debuggerAddress: localhost:65287}, javascriptEnabled: true, networkConnectionEnabled: false, pageLoadStrategy: normal, platform: WINDOWS, platformName: WINDOWS, proxy: Proxy(), setWindowRect: true, strictFileInteractability: false, timeouts: {implicit: 0, pageLoad: 300000, script: 30000}, unhandledPromptBehavior: dismiss and notify, webauthn:extension:largeBlob: true, webauthn:virtualAuthenticators: true}\nSession ID: 5b79fef2506ea8f52ce95e6dc2ba67ca",
  "statusTrace" : "org.openqa.selenium.TimeoutException: Expected condition failed: waiting for visibility of [[ChromeDriver: chrome on WINDOWS (5b79fef2506ea8f52ce95e6dc2ba67ca)] -> id: days] (tried for 10 second(s) with 500 milliseconds interval)\nBuild info: version: '3.141.59', revision: 'e82be7d358', time: '2018-11-14T08:17:03'\nSystem info: host: 'BMT-LAP-71', ip: '192.168.29.142', os.name: 'Windows 10', os.arch: 'amd64', os.version: '10.0', java.version: '15.0.2'\nDriver info: org.openqa.selenium.chrome.ChromeDriver\nCapabilities {acceptInsecureCerts: false, browserName: chrome, browserVersion: 91.0.4472.77, chrome: {chromedriverVersion: 91.0.4472.101 (af52a90bf870..., userDataDir: C:\\Users\\ANUPAM~1\\AppData\\L...}, goog:chromeOptions: {debuggerAddress: localhost:65287}, javascriptEnabled: true, networkConnectionEnabled: false, pageLoadStrategy: normal, platform: WINDOWS, platformName: WINDOWS, proxy: Proxy(), setWindowRect: true, strictFileInteractability: false, timeouts: {implicit: 0, pageLoad: 300000, script: 30000}, unhandledPromptBehavior: dismiss and notify, webauthn:extension:largeBlob: true, webauthn:virtualAuthenticators: true}\nSession ID: 5b79fef2506ea8f52ce95e6dc2ba67ca\r\n\tat org.openqa.selenium.support.ui.WebDriverWait.timeoutException(WebDriverWait.java:95)\r\n\tat org.openqa.selenium.support.ui.FluentWait.until(FluentWait.java:272)\r\n\tat core.DriverHelper.waitForElementToBePresent(DriverHelper.java:76)\r\n\tat core.DriverHelper.selectFromDropdownList(DriverHelper.java:86)\r\n\tat pageObjects.CreateAccountPage.fillPersonalInformation(CreateAccountPage.java:96)\r\n\tat stepDefinitions.CreateAccountSteps.i_fill_all_the_required_details_and_submit_it(CreateAccountSteps.java:67)\r\n\tat ✽.I fill all the required details and submit it(file:src/test/resources/features/CreateAccount.feature:12)\r\n",
  "flaky" : false,
  "newFailed" : false,
  "beforeStages" : [ {
    "name" : "AppHooks.intialize()",
    "time" : {
      "start" : 1624283900929,
      "stop" : 1624283900935,
      "duration" : 6
    },
    "status" : "passed",
    "steps" : [ ],
    "attachments" : [ ],
    "parameters" : [ ],
    "stepsCount" : 0,
    "hasContent" : false,
    "shouldDisplayMessage" : false,
    "attachmentsCount" : 0
  }, {
    "name" : "AppHooks.launchBrowser()",
    "time" : {
      "start" : 1624283900936,
      "stop" : 1624283903161,
      "duration" : 2225
    },
    "status" : "passed",
    "steps" : [ ],
    "attachments" : [ ],
    "parameters" : [ ],
    "stepsCount" : 0,
    "hasContent" : false,
    "shouldDisplayMessage" : false,
    "attachmentsCount" : 0
  } ],
  "testStage" : {
    "status" : "broken",
    "statusMessage" : "Expected condition failed: waiting for visibility of [[ChromeDriver: chrome on WINDOWS (5b79fef2506ea8f52ce95e6dc2ba67ca)] -> id: days] (tried for 10 second(s) with 500 milliseconds interval)\nBuild info: version: '3.141.59', revision: 'e82be7d358', time: '2018-11-14T08:17:03'\nSystem info: host: 'BMT-LAP-71', ip: '192.168.29.142', os.name: 'Windows 10', os.arch: 'amd64', os.version: '10.0', java.version: '15.0.2'\nDriver info: org.openqa.selenium.chrome.ChromeDriver\nCapabilities {acceptInsecureCerts: false, browserName: chrome, browserVersion: 91.0.4472.77, chrome: {chromedriverVersion: 91.0.4472.101 (af52a90bf870..., userDataDir: C:\\Users\\ANUPAM~1\\AppData\\L...}, goog:chromeOptions: {debuggerAddress: localhost:65287}, javascriptEnabled: true, networkConnectionEnabled: false, pageLoadStrategy: normal, platform: WINDOWS, platformName: WINDOWS, proxy: Proxy(), setWindowRect: true, strictFileInteractability: false, timeouts: {implicit: 0, pageLoad: 300000, script: 30000}, unhandledPromptBehavior: dismiss and notify, webauthn:extension:largeBlob: true, webauthn:virtualAuthenticators: true}\nSession ID: 5b79fef2506ea8f52ce95e6dc2ba67ca",
    "statusTrace" : "org.openqa.selenium.TimeoutException: Expected condition failed: waiting for visibility of [[ChromeDriver: chrome on WINDOWS (5b79fef2506ea8f52ce95e6dc2ba67ca)] -> id: days] (tried for 10 second(s) with 500 milliseconds interval)\nBuild info: version: '3.141.59', revision: 'e82be7d358', time: '2018-11-14T08:17:03'\nSystem info: host: 'BMT-LAP-71', ip: '192.168.29.142', os.name: 'Windows 10', os.arch: 'amd64', os.version: '10.0', java.version: '15.0.2'\nDriver info: org.openqa.selenium.chrome.ChromeDriver\nCapabilities {acceptInsecureCerts: false, browserName: chrome, browserVersion: 91.0.4472.77, chrome: {chromedriverVersion: 91.0.4472.101 (af52a90bf870..., userDataDir: C:\\Users\\ANUPAM~1\\AppData\\L...}, goog:chromeOptions: {debuggerAddress: localhost:65287}, javascriptEnabled: true, networkConnectionEnabled: false, pageLoadStrategy: normal, platform: WINDOWS, platformName: WINDOWS, proxy: Proxy(), setWindowRect: true, strictFileInteractability: false, timeouts: {implicit: 0, pageLoad: 300000, script: 30000}, unhandledPromptBehavior: dismiss and notify, webauthn:extension:largeBlob: true, webauthn:virtualAuthenticators: true}\nSession ID: 5b79fef2506ea8f52ce95e6dc2ba67ca\r\n\tat org.openqa.selenium.support.ui.WebDriverWait.timeoutException(WebDriverWait.java:95)\r\n\tat org.openqa.selenium.support.ui.FluentWait.until(FluentWait.java:272)\r\n\tat core.DriverHelper.waitForElementToBePresent(DriverHelper.java:76)\r\n\tat core.DriverHelper.selectFromDropdownList(DriverHelper.java:86)\r\n\tat pageObjects.CreateAccountPage.fillPersonalInformation(CreateAccountPage.java:96)\r\n\tat stepDefinitions.CreateAccountSteps.i_fill_all_the_required_details_and_submit_it(CreateAccountSteps.java:67)\r\n\tat ✽.I fill all the required details and submit it(file:src/test/resources/features/CreateAccount.feature:12)\r\n",
    "steps" : [ {
      "name" : "Given  I go to Sign In page",
      "time" : {
        "start" : 1624283903164,
        "stop" : 1624283919517,
        "duration" : 16353
      },
      "status" : "passed",
      "steps" : [ ],
      "attachments" : [ ],
      "parameters" : [ ],
      "stepsCount" : 0,
      "hasContent" : false,
      "shouldDisplayMessage" : false,
      "attachmentsCount" : 0
    }, {
      "name" : "When  I click on Sign In button and wait for Authentication page to load",
      "time" : {
        "start" : 1624283919519,
        "stop" : 1624283933618,
        "duration" : 14099
      },
      "status" : "passed",
      "steps" : [ ],
      "attachments" : [ ],
      "parameters" : [ ],
      "stepsCount" : 0,
      "hasContent" : false,
      "shouldDisplayMessage" : false,
      "attachmentsCount" : 0
    }, {
      "name" : "Then  I should see Authentication Page",
      "time" : {
        "start" : 1624283933618,
        "stop" : 1624283933678,
        "duration" : 60
      },
      "status" : "passed",
      "steps" : [ ],
      "attachments" : [ ],
      "parameters" : [ ],
      "stepsCount" : 0,
      "hasContent" : false,
      "shouldDisplayMessage" : false,
      "attachmentsCount" : 0
    }, {
      "name" : "And  I should see Create an Account segment",
      "time" : {
        "start" : 1624283933678,
        "stop" : 1624283933723,
        "duration" : 45
      },
      "status" : "passed",
      "steps" : [ ],
      "attachments" : [ ],
      "parameters" : [ ],
      "stepsCount" : 0,
      "hasContent" : false,
      "shouldDisplayMessage" : false,
      "attachmentsCount" : 0
    }, {
      "name" : "When  I enter my email address",
      "time" : {
        "start" : 1624283933723,
        "stop" : 1624283933990,
        "duration" : 267
      },
      "status" : "passed",
      "steps" : [ ],
      "attachments" : [ ],
      "parameters" : [ ],
      "stepsCount" : 0,
      "hasContent" : false,
      "shouldDisplayMessage" : false,
      "attachmentsCount" : 0
    }, {
      "name" : "And  I click on Create an Account button",
      "time" : {
        "start" : 1624283933990,
        "stop" : 1624283934063,
        "duration" : 73
      },
      "status" : "passed",
      "steps" : [ ],
      "attachments" : [ ],
      "parameters" : [ ],
      "stepsCount" : 0,
      "hasContent" : false,
      "shouldDisplayMessage" : false,
      "attachmentsCount" : 0
    }, {
      "name" : "Then  I should see Create an Account form page",
      "time" : {
        "start" : 1624283934063,
        "stop" : 1624283942037,
        "duration" : 7974
      },
      "status" : "passed",
      "steps" : [ ],
      "attachments" : [ ],
      "parameters" : [ ],
      "stepsCount" : 0,
      "hasContent" : false,
      "shouldDisplayMessage" : false,
      "attachmentsCount" : 0
    }, {
      "name" : "When  I fill all the required details and submit it",
      "time" : {
        "start" : 1624283942037,
        "stop" : 1624283953510,
        "duration" : 11473
      },
      "status" : "broken",
      "statusMessage" : "Expected condition failed: waiting for visibility of [[ChromeDriver: chrome on WINDOWS (5b79fef2506ea8f52ce95e6dc2ba67ca)] -> id: days] (tried for 10 second(s) with 500 milliseconds interval)\nBuild info: version: '3.141.59', revision: 'e82be7d358', time: '2018-11-14T08:17:03'\nSystem info: host: 'BMT-LAP-71', ip: '192.168.29.142', os.name: 'Windows 10', os.arch: 'amd64', os.version: '10.0', java.version: '15.0.2'\nDriver info: org.openqa.selenium.chrome.ChromeDriver\nCapabilities {acceptInsecureCerts: false, browserName: chrome, browserVersion: 91.0.4472.77, chrome: {chromedriverVersion: 91.0.4472.101 (af52a90bf870..., userDataDir: C:\\Users\\ANUPAM~1\\AppData\\L...}, goog:chromeOptions: {debuggerAddress: localhost:65287}, javascriptEnabled: true, networkConnectionEnabled: false, pageLoadStrategy: normal, platform: WINDOWS, platformName: WINDOWS, proxy: Proxy(), setWindowRect: true, strictFileInteractability: false, timeouts: {implicit: 0, pageLoad: 300000, script: 30000}, unhandledPromptBehavior: dismiss and notify, webauthn:extension:largeBlob: true, webauthn:virtualAuthenticators: true}\nSession ID: 5b79fef2506ea8f52ce95e6dc2ba67ca",
      "statusTrace" : "org.openqa.selenium.TimeoutException: Expected condition failed: waiting for visibility of [[ChromeDriver: chrome on WINDOWS (5b79fef2506ea8f52ce95e6dc2ba67ca)] -> id: days] (tried for 10 second(s) with 500 milliseconds interval)\nBuild info: version: '3.141.59', revision: 'e82be7d358', time: '2018-11-14T08:17:03'\nSystem info: host: 'BMT-LAP-71', ip: '192.168.29.142', os.name: 'Windows 10', os.arch: 'amd64', os.version: '10.0', java.version: '15.0.2'\nDriver info: org.openqa.selenium.chrome.ChromeDriver\nCapabilities {acceptInsecureCerts: false, browserName: chrome, browserVersion: 91.0.4472.77, chrome: {chromedriverVersion: 91.0.4472.101 (af52a90bf870..., userDataDir: C:\\Users\\ANUPAM~1\\AppData\\L...}, goog:chromeOptions: {debuggerAddress: localhost:65287}, javascriptEnabled: true, networkConnectionEnabled: false, pageLoadStrategy: normal, platform: WINDOWS, platformName: WINDOWS, proxy: Proxy(), setWindowRect: true, strictFileInteractability: false, timeouts: {implicit: 0, pageLoad: 300000, script: 30000}, unhandledPromptBehavior: dismiss and notify, webauthn:extension:largeBlob: true, webauthn:virtualAuthenticators: true}\nSession ID: 5b79fef2506ea8f52ce95e6dc2ba67ca\r\n\tat org.openqa.selenium.support.ui.WebDriverWait.timeoutException(WebDriverWait.java:95)\r\n\tat org.openqa.selenium.support.ui.FluentWait.until(FluentWait.java:272)\r\n\tat core.DriverHelper.waitForElementToBePresent(DriverHelper.java:76)\r\n\tat core.DriverHelper.selectFromDropdownList(DriverHelper.java:86)\r\n\tat pageObjects.CreateAccountPage.fillPersonalInformation(CreateAccountPage.java:96)\r\n\tat stepDefinitions.CreateAccountSteps.i_fill_all_the_required_details_and_submit_it(CreateAccountSteps.java:67)\r\n\tat ✽.I fill all the required details and submit it(file:src/test/resources/features/CreateAccount.feature:12)\r\n",
      "steps" : [ ],
      "attachments" : [ {
        "uid" : "8bcb6d2e24610e43",
        "name" : "Data table",
        "source" : "8bcb6d2e24610e43.csv",
        "type" : "text/tab-separated-values",
        "size" : 127
      } ],
      "parameters" : [ ],
      "stepsCount" : 0,
      "hasContent" : true,
      "shouldDisplayMessage" : true,
      "attachmentsCount" : 1
    }, {
      "name" : "Then  I should see My Account page",
      "time" : {
        "start" : 1624283953511,
        "stop" : 1624283953512,
        "duration" : 1
      },
      "status" : "skipped",
      "steps" : [ ],
      "attachments" : [ ],
      "parameters" : [ ],
      "stepsCount" : 0,
      "hasContent" : false,
      "shouldDisplayMessage" : false,
      "attachmentsCount" : 0
    }, {
      "name" : "And  I should see that my correct name is displayed as \"Anupam Singh\"",
      "time" : {
        "start" : 1624283953513,
        "stop" : 1624283953514,
        "duration" : 1
      },
      "status" : "skipped",
      "steps" : [ ],
      "attachments" : [ ],
      "parameters" : [ ],
      "stepsCount" : 0,
      "hasContent" : false,
      "shouldDisplayMessage" : false,
      "attachmentsCount" : 0
    }, {
      "name" : "When  I click on Sign out button",
      "time" : {
        "start" : 1624283953514,
        "stop" : 1624283953515,
        "duration" : 1
      },
      "status" : "skipped",
      "steps" : [ ],
      "attachments" : [ ],
      "parameters" : [ ],
      "stepsCount" : 0,
      "hasContent" : false,
      "shouldDisplayMessage" : false,
      "attachmentsCount" : 0
    }, {
      "name" : "Then  I should see Authentication Page",
      "time" : {
        "start" : 1624283953516,
        "stop" : 1624283953516,
        "duration" : 0
      },
      "status" : "skipped",
      "steps" : [ ],
      "attachments" : [ ],
      "parameters" : [ ],
      "stepsCount" : 0,
      "hasContent" : false,
      "shouldDisplayMessage" : false,
      "attachmentsCount" : 0
    }, {
      "name" : "And  I should see Already Registered segment",
      "time" : {
        "start" : 1624283953517,
        "stop" : 1624283953518,
        "duration" : 1
      },
      "status" : "skipped",
      "steps" : [ ],
      "attachments" : [ ],
      "parameters" : [ ],
      "stepsCount" : 0,
      "hasContent" : false,
      "shouldDisplayMessage" : false,
      "attachmentsCount" : 0
    }, {
      "name" : "When  I enter my registered email address and password",
      "time" : {
        "start" : 1624283953519,
        "stop" : 1624283953519,
        "duration" : 0
      },
      "status" : "skipped",
      "steps" : [ ],
      "attachments" : [ ],
      "parameters" : [ ],
      "stepsCount" : 0,
      "hasContent" : false,
      "shouldDisplayMessage" : false,
      "attachmentsCount" : 0
    }, {
      "name" : "And  I click on Sign In button",
      "time" : {
        "start" : 1624283953519,
        "stop" : 1624283953520,
        "duration" : 1
      },
      "status" : "skipped",
      "steps" : [ ],
      "attachments" : [ ],
      "parameters" : [ ],
      "stepsCount" : 0,
      "hasContent" : false,
      "shouldDisplayMessage" : false,
      "attachmentsCount" : 0
    }, {
      "name" : "Then  I should see My Account page",
      "time" : {
        "start" : 1624283953520,
        "stop" : 1624283953521,
        "duration" : 1
      },
      "status" : "skipped",
      "steps" : [ ],
      "attachments" : [ ],
      "parameters" : [ ],
      "stepsCount" : 0,
      "hasContent" : false,
      "shouldDisplayMessage" : false,
      "attachmentsCount" : 0
    }, {
      "name" : "And  I should see that my correct name is displayed as \"Anupam Singh\"",
      "time" : {
        "start" : 1624283953521,
        "stop" : 1624283953522,
        "duration" : 1
      },
      "status" : "skipped",
      "steps" : [ ],
      "attachments" : [ ],
      "parameters" : [ ],
      "stepsCount" : 0,
      "hasContent" : false,
      "shouldDisplayMessage" : false,
      "attachmentsCount" : 0
    } ],
    "attachments" : [ ],
    "parameters" : [ ],
    "stepsCount" : 17,
    "hasContent" : true,
    "shouldDisplayMessage" : false,
    "attachmentsCount" : 1
  },
  "afterStages" : [ {
    "name" : "AppHooks.tearDown(Scenario)",
    "time" : {
      "start" : 1624283953524,
      "stop" : 1624283954560,
      "duration" : 1036
    },
    "status" : "passed",
    "steps" : [ ],
    "attachments" : [ {
      "uid" : "8ca4bb027f7c87d6",
      "name" : "Screenshot",
      "source" : "8ca4bb027f7c87d6.png",
      "type" : "image/png",
      "size" : 49404
    } ],
    "parameters" : [ ],
    "stepsCount" : 0,
    "hasContent" : true,
    "shouldDisplayMessage" : false,
    "attachmentsCount" : 1
  } ],
  "labels" : [ {
    "name" : "host",
    "value" : "BMT-LAP-71"
  }, {
    "name" : "thread",
    "value" : "7640@BMT-LAP-71.main(1)"
  }, {
    "name" : "feature",
    "value" : "As a new user I should be able to create a new account and carry out shopping activity"
  }, {
    "name" : "story",
    "value" : "As a new user I should be able to create a new account, logout from app then login again"
  }, {
    "name" : "suite",
    "value" : "As a new user I should be able to create a new account and carry out shopping activity"
  }, {
    "name" : "testClass",
    "value" : "As a new user I should be able to create a new account, logout from app then login again"
  }, {
    "name" : "framework",
    "value" : "cucumber4jvm"
  }, {
    "name" : "language",
    "value" : "java"
  }, {
    "name" : "gherkin_uri",
    "value" : "file:src/test/resources/features/CreateAccount.feature"
  }, {
    "name" : "package",
    "value" : "src.test.resources.features.CreateAccount_feature.As a new user I should be able to create a new account and carry out shopping activity"
  }, {
    "name" : "resultFormat",
    "value" : "allure2"
  } ],
  "parameters" : [ ],
  "links" : [ ],
  "hidden" : true,
  "retry" : true,
  "extra" : {
    "categories" : [ ],
    "tags" : [ ]
  },
  "source" : "7dec857038b89821.json",
  "parameterValues" : [ ]
}