{
  "uid" : "c3404847e131fe2d",
  "name" : "As a new user I should be able to create a new account, logout from app then login again",
  "fullName" : "As a new user I should be able to create a new account and carry out shopping activity: As a new user I should be able to create a new account, logout from app then login again",
  "historyId" : "d9d64644ef380b1a3adc1b0b633ca152",
  "time" : {
    "start" : 1624297273883,
    "stop" : 1624297323579,
    "duration" : 49696
  },
  "status" : "broken",
  "statusMessage" : "Expected condition failed: waiting for visibility of [[ChromeDriver: chrome on WINDOWS (6ec36208907a1113271340573534663e)] -> id: days] (tried for 10 second(s) with 500 milliseconds interval)\nBuild info: version: '3.141.59', revision: 'e82be7d358', time: '2018-11-14T08:17:03'\nSystem info: host: 'BMT-LAP-71', ip: '192.168.29.142', os.name: 'Windows 10', os.arch: 'amd64', os.version: '10.0', java.version: '15.0.2'\nDriver info: org.openqa.selenium.chrome.ChromeDriver\nCapabilities {acceptInsecureCerts: false, browserName: chrome, browserVersion: 91.0.4472.77, chrome: {chromedriverVersion: 91.0.4472.101 (af52a90bf870..., userDataDir: C:\\Users\\ANUPAM~1\\AppData\\L...}, goog:chromeOptions: {debuggerAddress: localhost:52761}, javascriptEnabled: true, networkConnectionEnabled: false, pageLoadStrategy: normal, platform: WINDOWS, platformName: WINDOWS, proxy: Proxy(), setWindowRect: true, strictFileInteractability: false, timeouts: {implicit: 0, pageLoad: 300000, script: 30000}, unhandledPromptBehavior: dismiss and notify, webauthn:extension:largeBlob: true, webauthn:virtualAuthenticators: true}\nSession ID: 6ec36208907a1113271340573534663e",
  "statusTrace" : "org.openqa.selenium.TimeoutException: Expected condition failed: waiting for visibility of [[ChromeDriver: chrome on WINDOWS (6ec36208907a1113271340573534663e)] -> id: days] (tried for 10 second(s) with 500 milliseconds interval)\nBuild info: version: '3.141.59', revision: 'e82be7d358', time: '2018-11-14T08:17:03'\nSystem info: host: 'BMT-LAP-71', ip: '192.168.29.142', os.name: 'Windows 10', os.arch: 'amd64', os.version: '10.0', java.version: '15.0.2'\nDriver info: org.openqa.selenium.chrome.ChromeDriver\nCapabilities {acceptInsecureCerts: false, browserName: chrome, browserVersion: 91.0.4472.77, chrome: {chromedriverVersion: 91.0.4472.101 (af52a90bf870..., userDataDir: C:\\Users\\ANUPAM~1\\AppData\\L...}, goog:chromeOptions: {debuggerAddress: localhost:52761}, javascriptEnabled: true, networkConnectionEnabled: false, pageLoadStrategy: normal, platform: WINDOWS, platformName: WINDOWS, proxy: Proxy(), setWindowRect: true, strictFileInteractability: false, timeouts: {implicit: 0, pageLoad: 300000, script: 30000}, unhandledPromptBehavior: dismiss and notify, webauthn:extension:largeBlob: true, webauthn:virtualAuthenticators: true}\nSession ID: 6ec36208907a1113271340573534663e\r\n\tat org.openqa.selenium.support.ui.WebDriverWait.timeoutException(WebDriverWait.java:95)\r\n\tat org.openqa.selenium.support.ui.FluentWait.until(FluentWait.java:272)\r\n\tat core.DriverHelper.waitForElementToBePresent(DriverHelper.java:76)\r\n\tat core.DriverHelper.selectFromDropdownList(DriverHelper.java:86)\r\n\tat pageObjects.CreateAccountPage.fillPersonalInformation(CreateAccountPage.java:96)\r\n\tat stepDefinitions.CreateAccountSteps.i_fill_all_the_required_details_and_submit_it(CreateAccountSteps.java:67)\r\n\tat ✽.I fill all the required details and submit it(file:src/test/resources/features/CreateAccount.feature:12)\r\n",
  "flaky" : false,
  "newFailed" : false,
  "beforeStages" : [ {
    "name" : "AppHooks.intialize()",
    "time" : {
      "start" : 1624297273887,
      "stop" : 1624297273895,
      "duration" : 8
    },
    "status" : "passed",
    "steps" : [ ],
    "attachments" : [ ],
    "parameters" : [ ],
    "stepsCount" : 0,
    "hasContent" : false,
    "shouldDisplayMessage" : false,
    "attachmentsCount" : 0
  }, {
    "name" : "AppHooks.launchBrowser()",
    "time" : {
      "start" : 1624297273896,
      "stop" : 1624297276108,
      "duration" : 2212
    },
    "status" : "passed",
    "steps" : [ ],
    "attachments" : [ ],
    "parameters" : [ ],
    "stepsCount" : 0,
    "hasContent" : false,
    "shouldDisplayMessage" : false,
    "attachmentsCount" : 0
  } ],
  "testStage" : {
    "status" : "broken",
    "statusMessage" : "Expected condition failed: waiting for visibility of [[ChromeDriver: chrome on WINDOWS (6ec36208907a1113271340573534663e)] -> id: days] (tried for 10 second(s) with 500 milliseconds interval)\nBuild info: version: '3.141.59', revision: 'e82be7d358', time: '2018-11-14T08:17:03'\nSystem info: host: 'BMT-LAP-71', ip: '192.168.29.142', os.name: 'Windows 10', os.arch: 'amd64', os.version: '10.0', java.version: '15.0.2'\nDriver info: org.openqa.selenium.chrome.ChromeDriver\nCapabilities {acceptInsecureCerts: false, browserName: chrome, browserVersion: 91.0.4472.77, chrome: {chromedriverVersion: 91.0.4472.101 (af52a90bf870..., userDataDir: C:\\Users\\ANUPAM~1\\AppData\\L...}, goog:chromeOptions: {debuggerAddress: localhost:52761}, javascriptEnabled: true, networkConnectionEnabled: false, pageLoadStrategy: normal, platform: WINDOWS, platformName: WINDOWS, proxy: Proxy(), setWindowRect: true, strictFileInteractability: false, timeouts: {implicit: 0, pageLoad: 300000, script: 30000}, unhandledPromptBehavior: dismiss and notify, webauthn:extension:largeBlob: true, webauthn:virtualAuthenticators: true}\nSession ID: 6ec36208907a1113271340573534663e",
    "statusTrace" : "org.openqa.selenium.TimeoutException: Expected condition failed: waiting for visibility of [[ChromeDriver: chrome on WINDOWS (6ec36208907a1113271340573534663e)] -> id: days] (tried for 10 second(s) with 500 milliseconds interval)\nBuild info: version: '3.141.59', revision: 'e82be7d358', time: '2018-11-14T08:17:03'\nSystem info: host: 'BMT-LAP-71', ip: '192.168.29.142', os.name: 'Windows 10', os.arch: 'amd64', os.version: '10.0', java.version: '15.0.2'\nDriver info: org.openqa.selenium.chrome.ChromeDriver\nCapabilities {acceptInsecureCerts: false, browserName: chrome, browserVersion: 91.0.4472.77, chrome: {chromedriverVersion: 91.0.4472.101 (af52a90bf870..., userDataDir: C:\\Users\\ANUPAM~1\\AppData\\L...}, goog:chromeOptions: {debuggerAddress: localhost:52761}, javascriptEnabled: true, networkConnectionEnabled: false, pageLoadStrategy: normal, platform: WINDOWS, platformName: WINDOWS, proxy: Proxy(), setWindowRect: true, strictFileInteractability: false, timeouts: {implicit: 0, pageLoad: 300000, script: 30000}, unhandledPromptBehavior: dismiss and notify, webauthn:extension:largeBlob: true, webauthn:virtualAuthenticators: true}\nSession ID: 6ec36208907a1113271340573534663e\r\n\tat org.openqa.selenium.support.ui.WebDriverWait.timeoutException(WebDriverWait.java:95)\r\n\tat org.openqa.selenium.support.ui.FluentWait.until(FluentWait.java:272)\r\n\tat core.DriverHelper.waitForElementToBePresent(DriverHelper.java:76)\r\n\tat core.DriverHelper.selectFromDropdownList(DriverHelper.java:86)\r\n\tat pageObjects.CreateAccountPage.fillPersonalInformation(CreateAccountPage.java:96)\r\n\tat stepDefinitions.CreateAccountSteps.i_fill_all_the_required_details_and_submit_it(CreateAccountSteps.java:67)\r\n\tat ✽.I fill all the required details and submit it(file:src/test/resources/features/CreateAccount.feature:12)\r\n",
    "steps" : [ {
      "name" : "Given  I go to Sign In page",
      "time" : {
        "start" : 1624297276110,
        "stop" : 1624297289988,
        "duration" : 13878
      },
      "status" : "passed",
      "steps" : [ ],
      "attachments" : [ ],
      "parameters" : [ ],
      "stepsCount" : 0,
      "hasContent" : false,
      "shouldDisplayMessage" : false,
      "attachmentsCount" : 0
    }, {
      "name" : "When  I click on Sign In button and wait for Authentication page to load",
      "time" : {
        "start" : 1624297289995,
        "stop" : 1624297303821,
        "duration" : 13826
      },
      "status" : "passed",
      "steps" : [ ],
      "attachments" : [ ],
      "parameters" : [ ],
      "stepsCount" : 0,
      "hasContent" : false,
      "shouldDisplayMessage" : false,
      "attachmentsCount" : 0
    }, {
      "name" : "Then  I should see Authentication Page",
      "time" : {
        "start" : 1624297303822,
        "stop" : 1624297303877,
        "duration" : 55
      },
      "status" : "passed",
      "steps" : [ ],
      "attachments" : [ ],
      "parameters" : [ ],
      "stepsCount" : 0,
      "hasContent" : false,
      "shouldDisplayMessage" : false,
      "attachmentsCount" : 0
    }, {
      "name" : "And  I should see Create an Account segment",
      "time" : {
        "start" : 1624297303878,
        "stop" : 1624297303932,
        "duration" : 54
      },
      "status" : "passed",
      "steps" : [ ],
      "attachments" : [ ],
      "parameters" : [ ],
      "stepsCount" : 0,
      "hasContent" : false,
      "shouldDisplayMessage" : false,
      "attachmentsCount" : 0
    }, {
      "name" : "When  I enter my email address",
      "time" : {
        "start" : 1624297303933,
        "stop" : 1624297304136,
        "duration" : 203
      },
      "status" : "passed",
      "steps" : [ ],
      "attachments" : [ ],
      "parameters" : [ ],
      "stepsCount" : 0,
      "hasContent" : false,
      "shouldDisplayMessage" : false,
      "attachmentsCount" : 0
    }, {
      "name" : "And  I click on Create an Account button",
      "time" : {
        "start" : 1624297304137,
        "stop" : 1624297304216,
        "duration" : 79
      },
      "status" : "passed",
      "steps" : [ ],
      "attachments" : [ ],
      "parameters" : [ ],
      "stepsCount" : 0,
      "hasContent" : false,
      "shouldDisplayMessage" : false,
      "attachmentsCount" : 0
    }, {
      "name" : "Then  I should see Create an Account form page",
      "time" : {
        "start" : 1624297304217,
        "stop" : 1624297311783,
        "duration" : 7566
      },
      "status" : "passed",
      "steps" : [ ],
      "attachments" : [ ],
      "parameters" : [ ],
      "stepsCount" : 0,
      "hasContent" : false,
      "shouldDisplayMessage" : false,
      "attachmentsCount" : 0
    }, {
      "name" : "When  I fill all the required details and submit it",
      "time" : {
        "start" : 1624297311784,
        "stop" : 1624297322665,
        "duration" : 10881
      },
      "status" : "broken",
      "statusMessage" : "Expected condition failed: waiting for visibility of [[ChromeDriver: chrome on WINDOWS (6ec36208907a1113271340573534663e)] -> id: days] (tried for 10 second(s) with 500 milliseconds interval)\nBuild info: version: '3.141.59', revision: 'e82be7d358', time: '2018-11-14T08:17:03'\nSystem info: host: 'BMT-LAP-71', ip: '192.168.29.142', os.name: 'Windows 10', os.arch: 'amd64', os.version: '10.0', java.version: '15.0.2'\nDriver info: org.openqa.selenium.chrome.ChromeDriver\nCapabilities {acceptInsecureCerts: false, browserName: chrome, browserVersion: 91.0.4472.77, chrome: {chromedriverVersion: 91.0.4472.101 (af52a90bf870..., userDataDir: C:\\Users\\ANUPAM~1\\AppData\\L...}, goog:chromeOptions: {debuggerAddress: localhost:52761}, javascriptEnabled: true, networkConnectionEnabled: false, pageLoadStrategy: normal, platform: WINDOWS, platformName: WINDOWS, proxy: Proxy(), setWindowRect: true, strictFileInteractability: false, timeouts: {implicit: 0, pageLoad: 300000, script: 30000}, unhandledPromptBehavior: dismiss and notify, webauthn:extension:largeBlob: true, webauthn:virtualAuthenticators: true}\nSession ID: 6ec36208907a1113271340573534663e",
      "statusTrace" : "org.openqa.selenium.TimeoutException: Expected condition failed: waiting for visibility of [[ChromeDriver: chrome on WINDOWS (6ec36208907a1113271340573534663e)] -> id: days] (tried for 10 second(s) with 500 milliseconds interval)\nBuild info: version: '3.141.59', revision: 'e82be7d358', time: '2018-11-14T08:17:03'\nSystem info: host: 'BMT-LAP-71', ip: '192.168.29.142', os.name: 'Windows 10', os.arch: 'amd64', os.version: '10.0', java.version: '15.0.2'\nDriver info: org.openqa.selenium.chrome.ChromeDriver\nCapabilities {acceptInsecureCerts: false, browserName: chrome, browserVersion: 91.0.4472.77, chrome: {chromedriverVersion: 91.0.4472.101 (af52a90bf870..., userDataDir: C:\\Users\\ANUPAM~1\\AppData\\L...}, goog:chromeOptions: {debuggerAddress: localhost:52761}, javascriptEnabled: true, networkConnectionEnabled: false, pageLoadStrategy: normal, platform: WINDOWS, platformName: WINDOWS, proxy: Proxy(), setWindowRect: true, strictFileInteractability: false, timeouts: {implicit: 0, pageLoad: 300000, script: 30000}, unhandledPromptBehavior: dismiss and notify, webauthn:extension:largeBlob: true, webauthn:virtualAuthenticators: true}\nSession ID: 6ec36208907a1113271340573534663e\r\n\tat org.openqa.selenium.support.ui.WebDriverWait.timeoutException(WebDriverWait.java:95)\r\n\tat org.openqa.selenium.support.ui.FluentWait.until(FluentWait.java:272)\r\n\tat core.DriverHelper.waitForElementToBePresent(DriverHelper.java:76)\r\n\tat core.DriverHelper.selectFromDropdownList(DriverHelper.java:86)\r\n\tat pageObjects.CreateAccountPage.fillPersonalInformation(CreateAccountPage.java:96)\r\n\tat stepDefinitions.CreateAccountSteps.i_fill_all_the_required_details_and_submit_it(CreateAccountSteps.java:67)\r\n\tat ✽.I fill all the required details and submit it(file:src/test/resources/features/CreateAccount.feature:12)\r\n",
      "steps" : [ ],
      "attachments" : [ {
        "uid" : "250f0e8ca63c3563",
        "name" : "Data table",
        "source" : "250f0e8ca63c3563.csv",
        "type" : "text/tab-separated-values",
        "size" : 127
      } ],
      "parameters" : [ ],
      "stepsCount" : 0,
      "hasContent" : true,
      "shouldDisplayMessage" : true,
      "attachmentsCount" : 1
    }, {
      "name" : "Then  I should see My Account page",
      "time" : {
        "start" : 1624297322805,
        "stop" : 1624297322805,
        "duration" : 0
      },
      "status" : "skipped",
      "steps" : [ ],
      "attachments" : [ ],
      "parameters" : [ ],
      "stepsCount" : 0,
      "hasContent" : false,
      "shouldDisplayMessage" : false,
      "attachmentsCount" : 0
    }, {
      "name" : "And  I should see that my correct name is displayed as \"Anupam Singh\"",
      "time" : {
        "start" : 1624297322806,
        "stop" : 1624297322807,
        "duration" : 1
      },
      "status" : "skipped",
      "steps" : [ ],
      "attachments" : [ ],
      "parameters" : [ ],
      "stepsCount" : 0,
      "hasContent" : false,
      "shouldDisplayMessage" : false,
      "attachmentsCount" : 0
    }, {
      "name" : "When  I click on Sign out button",
      "time" : {
        "start" : 1624297322807,
        "stop" : 1624297322807,
        "duration" : 0
      },
      "status" : "skipped",
      "steps" : [ ],
      "attachments" : [ ],
      "parameters" : [ ],
      "stepsCount" : 0,
      "hasContent" : false,
      "shouldDisplayMessage" : false,
      "attachmentsCount" : 0
    }, {
      "name" : "Then  I should see Authentication Page",
      "time" : {
        "start" : 1624297322808,
        "stop" : 1624297322808,
        "duration" : 0
      },
      "status" : "skipped",
      "steps" : [ ],
      "attachments" : [ ],
      "parameters" : [ ],
      "stepsCount" : 0,
      "hasContent" : false,
      "shouldDisplayMessage" : false,
      "attachmentsCount" : 0
    }, {
      "name" : "And  I should see Already Registered segment",
      "time" : {
        "start" : 1624297322809,
        "stop" : 1624297322809,
        "duration" : 0
      },
      "status" : "skipped",
      "steps" : [ ],
      "attachments" : [ ],
      "parameters" : [ ],
      "stepsCount" : 0,
      "hasContent" : false,
      "shouldDisplayMessage" : false,
      "attachmentsCount" : 0
    }, {
      "name" : "When  I enter my registered email address and password",
      "time" : {
        "start" : 1624297322810,
        "stop" : 1624297322810,
        "duration" : 0
      },
      "status" : "skipped",
      "steps" : [ ],
      "attachments" : [ ],
      "parameters" : [ ],
      "stepsCount" : 0,
      "hasContent" : false,
      "shouldDisplayMessage" : false,
      "attachmentsCount" : 0
    }, {
      "name" : "And  I click on Sign In button",
      "time" : {
        "start" : 1624297322811,
        "stop" : 1624297322811,
        "duration" : 0
      },
      "status" : "skipped",
      "steps" : [ ],
      "attachments" : [ ],
      "parameters" : [ ],
      "stepsCount" : 0,
      "hasContent" : false,
      "shouldDisplayMessage" : false,
      "attachmentsCount" : 0
    }, {
      "name" : "Then  I should see My Account page",
      "time" : {
        "start" : 1624297322811,
        "stop" : 1624297322812,
        "duration" : 1
      },
      "status" : "skipped",
      "steps" : [ ],
      "attachments" : [ ],
      "parameters" : [ ],
      "stepsCount" : 0,
      "hasContent" : false,
      "shouldDisplayMessage" : false,
      "attachmentsCount" : 0
    }, {
      "name" : "And  I should see that my correct name is displayed as \"Anupam Singh\"",
      "time" : {
        "start" : 1624297322812,
        "stop" : 1624297322812,
        "duration" : 0
      },
      "status" : "skipped",
      "steps" : [ ],
      "attachments" : [ ],
      "parameters" : [ ],
      "stepsCount" : 0,
      "hasContent" : false,
      "shouldDisplayMessage" : false,
      "attachmentsCount" : 0
    } ],
    "attachments" : [ ],
    "parameters" : [ ],
    "stepsCount" : 17,
    "hasContent" : true,
    "shouldDisplayMessage" : false,
    "attachmentsCount" : 1
  },
  "afterStages" : [ {
    "name" : "AppHooks.takeScreenShotOnFailure(Scenario)",
    "time" : {
      "start" : 1624297289991,
      "stop" : 1624297289993,
      "duration" : 2
    },
    "status" : "passed",
    "steps" : [ ],
    "attachments" : [ ],
    "parameters" : [ ],
    "stepsCount" : 0,
    "hasContent" : false,
    "shouldDisplayMessage" : false,
    "attachmentsCount" : 0
  }, {
    "name" : "AppHooks.takeScreenShotOnFailure(Scenario)",
    "time" : {
      "start" : 1624297303821,
      "stop" : 1624297303821,
      "duration" : 0
    },
    "status" : "passed",
    "steps" : [ ],
    "attachments" : [ ],
    "parameters" : [ ],
    "stepsCount" : 0,
    "hasContent" : false,
    "shouldDisplayMessage" : false,
    "attachmentsCount" : 0
  }, {
    "name" : "AppHooks.takeScreenShotOnFailure(Scenario)",
    "time" : {
      "start" : 1624297303877,
      "stop" : 1624297303877,
      "duration" : 0
    },
    "status" : "passed",
    "steps" : [ ],
    "attachments" : [ ],
    "parameters" : [ ],
    "stepsCount" : 0,
    "hasContent" : false,
    "shouldDisplayMessage" : false,
    "attachmentsCount" : 0
  }, {
    "name" : "AppHooks.takeScreenShotOnFailure(Scenario)",
    "time" : {
      "start" : 1624297303932,
      "stop" : 1624297303933,
      "duration" : 1
    },
    "status" : "passed",
    "steps" : [ ],
    "attachments" : [ ],
    "parameters" : [ ],
    "stepsCount" : 0,
    "hasContent" : false,
    "shouldDisplayMessage" : false,
    "attachmentsCount" : 0
  }, {
    "name" : "AppHooks.takeScreenShotOnFailure(Scenario)",
    "time" : {
      "start" : 1624297304136,
      "stop" : 1624297304136,
      "duration" : 0
    },
    "status" : "passed",
    "steps" : [ ],
    "attachments" : [ ],
    "parameters" : [ ],
    "stepsCount" : 0,
    "hasContent" : false,
    "shouldDisplayMessage" : false,
    "attachmentsCount" : 0
  }, {
    "name" : "AppHooks.takeScreenShotOnFailure(Scenario)",
    "time" : {
      "start" : 1624297304217,
      "stop" : 1624297304217,
      "duration" : 0
    },
    "status" : "passed",
    "steps" : [ ],
    "attachments" : [ ],
    "parameters" : [ ],
    "stepsCount" : 0,
    "hasContent" : false,
    "shouldDisplayMessage" : false,
    "attachmentsCount" : 0
  }, {
    "name" : "AppHooks.takeScreenShotOnFailure(Scenario)",
    "time" : {
      "start" : 1624297311783,
      "stop" : 1624297311784,
      "duration" : 1
    },
    "status" : "passed",
    "steps" : [ ],
    "attachments" : [ ],
    "parameters" : [ ],
    "stepsCount" : 0,
    "hasContent" : false,
    "shouldDisplayMessage" : false,
    "attachmentsCount" : 0
  }, {
    "name" : "AppHooks.takeScreenShotOnFailure(Scenario)",
    "time" : {
      "start" : 1624297322665,
      "stop" : 1624297322804,
      "duration" : 139
    },
    "status" : "passed",
    "steps" : [ ],
    "attachments" : [ {
      "uid" : "1768bcb430c849fc",
      "name" : "Screenshot",
      "source" : "1768bcb430c849fc.png",
      "type" : "image/png",
      "size" : 48902
    } ],
    "parameters" : [ ],
    "stepsCount" : 0,
    "hasContent" : true,
    "shouldDisplayMessage" : false,
    "attachmentsCount" : 1
  }, {
    "name" : "AppHooks.takeScreenShotOnFailure(Scenario)",
    "time" : {
      "start" : 1624297322805,
      "stop" : 1624297322806,
      "duration" : 1
    },
    "status" : "skipped",
    "statusMessage" : "AfterStep is failed.",
    "steps" : [ ],
    "attachments" : [ ],
    "parameters" : [ ],
    "stepsCount" : 0,
    "hasContent" : true,
    "shouldDisplayMessage" : true,
    "attachmentsCount" : 0
  }, {
    "name" : "AppHooks.takeScreenShotOnFailure(Scenario)",
    "time" : {
      "start" : 1624297322807,
      "stop" : 1624297322807,
      "duration" : 0
    },
    "status" : "skipped",
    "statusMessage" : "AfterStep is failed.",
    "steps" : [ ],
    "attachments" : [ ],
    "parameters" : [ ],
    "stepsCount" : 0,
    "hasContent" : true,
    "shouldDisplayMessage" : true,
    "attachmentsCount" : 0
  }, {
    "name" : "AppHooks.takeScreenShotOnFailure(Scenario)",
    "time" : {
      "start" : 1624297322808,
      "stop" : 1624297322808,
      "duration" : 0
    },
    "status" : "skipped",
    "statusMessage" : "AfterStep is failed.",
    "steps" : [ ],
    "attachments" : [ ],
    "parameters" : [ ],
    "stepsCount" : 0,
    "hasContent" : true,
    "shouldDisplayMessage" : true,
    "attachmentsCount" : 0
  }, {
    "name" : "AppHooks.takeScreenShotOnFailure(Scenario)",
    "time" : {
      "start" : 1624297322809,
      "stop" : 1624297322809,
      "duration" : 0
    },
    "status" : "skipped",
    "statusMessage" : "AfterStep is failed.",
    "steps" : [ ],
    "attachments" : [ ],
    "parameters" : [ ],
    "stepsCount" : 0,
    "hasContent" : true,
    "shouldDisplayMessage" : true,
    "attachmentsCount" : 0
  }, {
    "name" : "AppHooks.takeScreenShotOnFailure(Scenario)",
    "time" : {
      "start" : 1624297322809,
      "stop" : 1624297322810,
      "duration" : 1
    },
    "status" : "skipped",
    "statusMessage" : "AfterStep is failed.",
    "steps" : [ ],
    "attachments" : [ ],
    "parameters" : [ ],
    "stepsCount" : 0,
    "hasContent" : true,
    "shouldDisplayMessage" : true,
    "attachmentsCount" : 0
  }, {
    "name" : "AppHooks.takeScreenShotOnFailure(Scenario)",
    "time" : {
      "start" : 1624297322810,
      "stop" : 1624297322810,
      "duration" : 0
    },
    "status" : "skipped",
    "statusMessage" : "AfterStep is failed.",
    "steps" : [ ],
    "attachments" : [ ],
    "parameters" : [ ],
    "stepsCount" : 0,
    "hasContent" : true,
    "shouldDisplayMessage" : true,
    "attachmentsCount" : 0
  }, {
    "name" : "AppHooks.takeScreenShotOnFailure(Scenario)",
    "time" : {
      "start" : 1624297322811,
      "stop" : 1624297322811,
      "duration" : 0
    },
    "status" : "skipped",
    "statusMessage" : "AfterStep is failed.",
    "steps" : [ ],
    "attachments" : [ ],
    "parameters" : [ ],
    "stepsCount" : 0,
    "hasContent" : true,
    "shouldDisplayMessage" : true,
    "attachmentsCount" : 0
  }, {
    "name" : "AppHooks.takeScreenShotOnFailure(Scenario)",
    "time" : {
      "start" : 1624297322812,
      "stop" : 1624297322812,
      "duration" : 0
    },
    "status" : "skipped",
    "statusMessage" : "AfterStep is failed.",
    "steps" : [ ],
    "attachments" : [ ],
    "parameters" : [ ],
    "stepsCount" : 0,
    "hasContent" : true,
    "shouldDisplayMessage" : true,
    "attachmentsCount" : 0
  }, {
    "name" : "AppHooks.takeScreenShotOnFailure(Scenario)",
    "time" : {
      "start" : 1624297322813,
      "stop" : 1624297322813,
      "duration" : 0
    },
    "status" : "skipped",
    "statusMessage" : "AfterStep is failed.",
    "steps" : [ ],
    "attachments" : [ ],
    "parameters" : [ ],
    "stepsCount" : 0,
    "hasContent" : true,
    "shouldDisplayMessage" : true,
    "attachmentsCount" : 0
  }, {
    "name" : "AppHooks.closeBrowser(Scenario)",
    "time" : {
      "start" : 1624297322813,
      "stop" : 1624297323578,
      "duration" : 765
    },
    "status" : "passed",
    "steps" : [ ],
    "attachments" : [ ],
    "parameters" : [ ],
    "stepsCount" : 0,
    "hasContent" : false,
    "shouldDisplayMessage" : false,
    "attachmentsCount" : 0
  } ],
  "labels" : [ {
    "name" : "host",
    "value" : "BMT-LAP-71"
  }, {
    "name" : "thread",
    "value" : "13432@BMT-LAP-71.main(1)"
  }, {
    "name" : "feature",
    "value" : "As a new user I should be able to create a new account and carry out shopping activity"
  }, {
    "name" : "story",
    "value" : "As a new user I should be able to create a new account, logout from app then login again"
  }, {
    "name" : "suite",
    "value" : "As a new user I should be able to create a new account and carry out shopping activity"
  }, {
    "name" : "testClass",
    "value" : "As a new user I should be able to create a new account, logout from app then login again"
  }, {
    "name" : "framework",
    "value" : "cucumber4jvm"
  }, {
    "name" : "language",
    "value" : "java"
  }, {
    "name" : "gherkin_uri",
    "value" : "file:src/test/resources/features/CreateAccount.feature"
  }, {
    "name" : "package",
    "value" : "src.test.resources.features.CreateAccount_feature.As a new user I should be able to create a new account and carry out shopping activity"
  }, {
    "name" : "resultFormat",
    "value" : "allure2"
  } ],
  "parameters" : [ ],
  "links" : [ ],
  "hidden" : true,
  "retry" : true,
  "extra" : {
    "categories" : [ ],
    "tags" : [ ]
  },
  "source" : "c3404847e131fe2d.json",
  "parameterValues" : [ ]
}