{"name":"As a user I should be able to add a product to cart and proceed to make payment","status":"failed","statusDetails":{"known":false,"muted":false,"flaky":false,"message":"expected [true] but found [false]","trace":"java.lang.AssertionError: expected [true] but found [false]\r\n\tat org.testng.Assert.fail(Assert.java:96)\r\n\tat org.testng.Assert.failNotEquals(Assert.java:776)\r\n\tat org.testng.Assert.assertTrue(Assert.java:44)\r\n\tat org.testng.Assert.assertTrue(Assert.java:54)\r\n\tat pageObjects.ProductListPage.verifySearchedProduct(ProductListPage.java:52)\r\n\tat stepDefinitions.PlaceOrderSteps.i_should_see_the_searched_product(PlaceOrderSteps.java:145)\r\n\tat ✽.I should see the searched product \"Faded Short Sleeve T-shirts\"(file:src/test/resources/features/PlaceOrder.feature:36)\r\n"},"stage":"finished","steps":[{"name":"Given  I go to Sign In page","status":"passed","statusDetails":{"known":false,"muted":false,"flaky":false},"stage":"finished","steps":[],"attachments":[],"parameters":[],"start":1624389535698,"stop":1624389544598},{"name":"When  I click on Sign In button and wait for Authentication page to load","status":"passed","statusDetails":{"known":false,"muted":false,"flaky":false},"stage":"finished","steps":[],"attachments":[],"parameters":[],"start":1624389544599,"stop":1624389547737},{"name":"Then  I should see Authentication Page","status":"passed","statusDetails":{"known":false,"muted":false,"flaky":false},"stage":"finished","steps":[],"attachments":[],"parameters":[],"start":1624389547738,"stop":1624389547793},{"name":"And  I should see Already Registered segment","status":"passed","statusDetails":{"known":false,"muted":false,"flaky":false},"stage":"finished","steps":[],"attachments":[],"parameters":[],"start":1624389547793,"stop":1624389547829},{"name":"When  I enter my registered email address and password","status":"passed","statusDetails":{"known":false,"muted":false,"flaky":false},"stage":"finished","steps":[],"attachments":[],"parameters":[],"start":1624389547829,"stop":1624389548276},{"name":"And  I click on Sign In button","status":"passed","statusDetails":{"known":false,"muted":false,"flaky":false},"stage":"finished","steps":[],"attachments":[],"parameters":[],"start":1624389548276,"stop":1624389551477},{"name":"Then  I should see My Account page","status":"passed","statusDetails":{"known":false,"muted":false,"flaky":false},"stage":"finished","steps":[],"attachments":[],"parameters":[],"start":1624389551478,"stop":1624389551524},{"name":"And  I should see that my correct name is displayed as \"Anupam Singh\"","status":"passed","statusDetails":{"known":false,"muted":false,"flaky":false},"stage":"finished","steps":[],"attachments":[],"parameters":[],"start":1624389551525,"stop":1624389551580},{"name":"When  I search the product \"Faded Short Sleeve T-shirts\" in search bar","status":"passed","statusDetails":{"known":false,"muted":false,"flaky":false},"stage":"finished","steps":[],"attachments":[],"parameters":[],"start":1624389551581,"stop":1624389554746},{"name":"Then  I should see the Product Listing page","status":"passed","statusDetails":{"known":false,"muted":false,"flaky":false},"stage":"finished","steps":[],"attachments":[],"parameters":[],"start":1624389554747,"stop":1624389554817},{"name":"And  I should see the searched product \"Faded Short Sleeve T-shirts\"","status":"failed","statusDetails":{"known":false,"muted":false,"flaky":false,"message":"expected [true] but found [false]","trace":"java.lang.AssertionError: expected [true] but found [false]\r\n\tat org.testng.Assert.fail(Assert.java:96)\r\n\tat org.testng.Assert.failNotEquals(Assert.java:776)\r\n\tat org.testng.Assert.assertTrue(Assert.java:44)\r\n\tat org.testng.Assert.assertTrue(Assert.java:54)\r\n\tat pageObjects.ProductListPage.verifySearchedProduct(ProductListPage.java:52)\r\n\tat stepDefinitions.PlaceOrderSteps.i_should_see_the_searched_product(PlaceOrderSteps.java:145)\r\n\tat ✽.I should see the searched product \"Faded Short Sleeve T-shirts\"(file:src/test/resources/features/PlaceOrder.feature:36)\r\n"},"stage":"finished","steps":[],"attachments":[],"parameters":[],"start":1624389554818,"stop":1624389554853},{"name":"And  I should change the view to \"List\" view","status":"skipped","statusDetails":{"known":false,"muted":false,"flaky":false},"stage":"finished","steps":[],"attachments":[],"parameters":[],"start":1624389555185,"stop":1624389555185},{"name":"Given  I verify that the product \"Faded Short Sleeve T-shirts\" is in stock","status":"skipped","statusDetails":{"known":false,"muted":false,"flaky":false},"stage":"finished","steps":[],"attachments":[],"parameters":[],"start":1624389555188,"stop":1624389555188},{"name":"When  I add the product to cart with given specifications and proceed to checkout","statusDetails":{"known":false,"muted":false,"flaky":false,"message":"TODO: implement me","trace":"cucumber.api.PendingException: TODO: implement me\r\n\tat io.qameta.allure.cucumber4jvm.AllureCucumber4Jvm.handlePickleStep(AllureCucumber4Jvm.java:387)\r\n\tat io.qameta.allure.cucumber4jvm.AllureCucumber4Jvm.handleTestStepFinished(AllureCucumber4Jvm.java:239)\r\n\tat cucumber.runner.AbstractEventPublisher.send(AbstractEventPublisher.java:45)\r\n\tat cucumber.runner.AbstractEventBus.send(AbstractEventBus.java:9)\r\n\tat cucumber.runner.TimeServiceEventBus.send(TimeServiceEventBus.java:3)\r\n\tat cucumber.runner.ThreadLocalRunnerSupplier$SynchronizedEventBus.send(ThreadLocalRunnerSupplier.java:93)\r\n\tat cucumber.runner.ThreadLocalRunnerSupplier$LocalEventBus.send(ThreadLocalRunnerSupplier.java:61)\r\n\tat cucumber.runner.TestStep.run(TestStep.java:59)\r\n\tat cucumber.runner.PickleStepTestStep.run(PickleStepTestStep.java:43)\r\n\tat cucumber.runner.TestCase.run(TestCase.java:46)\r\n\tat cucumber.runner.Runner.runPickle(Runner.java:50)\r\n\tat io.cucumber.testng.TestNGCucumberRunner.runScenario(TestNGCucumberRunner.java:79)\r\n\tat io.cucumber.testng.AbstractTestNGCucumberTests.runScenario(AbstractTestNGCucumberTests.java:24)\r\n\tat java.base/jdk.internal.reflect.NativeMethodAccessorImpl.invoke0(Native Method)\r\n\tat java.base/jdk.internal.reflect.NativeMethodAccessorImpl.invoke(NativeMethodAccessorImpl.java:64)\r\n\tat java.base/jdk.internal.reflect.DelegatingMethodAccessorImpl.invoke(DelegatingMethodAccessorImpl.java:43)\r\n\tat java.base/java.lang.reflect.Method.invoke(Method.java:564)\r\n\tat org.testng.internal.MethodInvocationHelper.invokeMethod(MethodInvocationHelper.java:124)\r\n\tat org.testng.internal.Invoker.invokeMethod(Invoker.java:583)\r\n\tat org.testng.internal.Invoker.invokeTestMethod(Invoker.java:719)\r\n\tat org.testng.internal.Invoker.invokeTestMethods(Invoker.java:989)\r\n\tat org.testng.internal.TestMethodWorker.invokeTestMethods(TestMethodWorker.java:125)\r\n\tat org.testng.internal.TestMethodWorker.run(TestMethodWorker.java:109)\r\n\tat org.testng.TestRunner.privateRun(TestRunner.java:648)\r\n\tat org.testng.TestRunner.run(TestRunner.java:505)\r\n\tat org.testng.SuiteRunner.runTest(SuiteRunner.java:455)\r\n\tat org.testng.SuiteRunner.runSequentially(SuiteRunner.java:450)\r\n\tat org.testng.SuiteRunner.privateRun(SuiteRunner.java:415)\r\n\tat org.testng.SuiteRunner.run(SuiteRunner.java:364)\r\n\tat org.testng.SuiteRunnerWorker.runSuite(SuiteRunnerWorker.java:52)\r\n\tat org.testng.SuiteRunnerWorker.run(SuiteRunnerWorker.java:84)\r\n\tat org.testng.TestNG.runSuitesSequentially(TestNG.java:1208)\r\n\tat org.testng.TestNG.runSuitesLocally(TestNG.java:1137)\r\n\tat org.testng.TestNG.runSuites(TestNG.java:1049)\r\n\tat org.testng.TestNG.run(TestNG.java:1017)\r\n\tat org.apache.maven.surefire.testng.TestNGExecutor.run(TestNGExecutor.java:284)\r\n\tat org.apache.maven.surefire.testng.TestNGXmlTestSuite.execute(TestNGXmlTestSuite.java:75)\r\n\tat org.apache.maven.surefire.testng.TestNGProvider.invoke(TestNGProvider.java:119)\r\n\tat org.apache.maven.surefire.booter.ForkedBooter.runSuitesInProcess(ForkedBooter.java:428)\r\n\tat org.apache.maven.surefire.booter.ForkedBooter.execute(ForkedBooter.java:162)\r\n\tat org.apache.maven.surefire.booter.ForkedBooter.run(ForkedBooter.java:562)\r\n\tat org.apache.maven.surefire.booter.ForkedBooter.main(ForkedBooter.java:548)\r\n"},"stage":"finished","steps":[],"attachments":[{"name":"Data table","source":"3d84c18c-a0d6-48b7-a139-f6b0686452a4-attachment.csv","type":"text/tab-separated-values"}],"parameters":[],"start":1624389555190,"stop":1624389555206},{"name":"Then  I should see the Product Summary page","status":"skipped","statusDetails":{"known":false,"muted":false,"flaky":false},"stage":"finished","steps":[],"attachments":[],"parameters":[],"start":1624389555209,"stop":1624389555210},{"name":"And  I verify all the product details and Proceed to checkout","status":"skipped","statusDetails":{"known":false,"muted":false,"flaky":false},"stage":"finished","steps":[],"attachments":[{"name":"Data table","source":"b5f56bd1-ac81-4527-8381-791335f1c006-attachment.csv","type":"text/tab-separated-values"}],"parameters":[],"start":1624389555213,"stop":1624389555221},{"name":"Then  I should see PO Address page","status":"skipped","statusDetails":{"known":false,"muted":false,"flaky":false},"stage":"finished","steps":[],"attachments":[],"parameters":[],"start":1624389555224,"stop":1624389555225},{"name":"And  I verify my address details and Proceed to checkout","status":"skipped","statusDetails":{"known":false,"muted":false,"flaky":false},"stage":"finished","steps":[],"attachments":[{"name":"Data table","source":"5cbbec49-77c0-401d-a5ff-77ce8942854d-attachment.csv","type":"text/tab-separated-values"}],"parameters":[],"start":1624389555228,"stop":1624389555237},{"name":"Then  I should see PO Shipping page","status":"skipped","statusDetails":{"known":false,"muted":false,"flaky":false},"stage":"finished","steps":[],"attachments":[],"parameters":[],"start":1624389555244,"stop":1624389555245},{"name":"And  I agree to Terms and Conditions and Proceed to checkout","status":"skipped","statusDetails":{"known":false,"muted":false,"flaky":false},"stage":"finished","steps":[],"attachments":[],"parameters":[],"start":1624389555248,"stop":1624389555248},{"name":"Then  I should see Payments page","status":"skipped","statusDetails":{"known":false,"muted":false,"flaky":false},"stage":"finished","steps":[],"attachments":[],"parameters":[],"start":1624389555250,"stop":1624389555250},{"name":"And  I verify various payment methods","status":"skipped","statusDetails":{"known":false,"muted":false,"flaky":false},"stage":"finished","steps":[],"attachments":[],"parameters":[],"start":1624389555251,"stop":1624389555252},{"name":"And  I choose \"Pay by bank wire\" payment method","status":"skipped","statusDetails":{"known":false,"muted":false,"flaky":false},"stage":"finished","steps":[],"attachments":[],"parameters":[],"start":1624389555253,"stop":1624389555254},{"name":"And  I confirm my order after verifying total amount as \"$18.51\"","status":"skipped","statusDetails":{"known":false,"muted":false,"flaky":false},"stage":"finished","steps":[],"attachments":[],"parameters":[],"start":1624389555255,"stop":1624389555255},{"name":"Then  I should see that my order is complete","status":"skipped","statusDetails":{"known":false,"muted":false,"flaky":false},"stage":"finished","steps":[],"attachments":[],"parameters":[],"start":1624389555257,"stop":1624389555257}],"attachments":[],"parameters":[],"start":1624389534247,"stop":1624389555260,"uuid":"7fdd7314-1e76-4716-80f3-9eecbabba49d","historyId":"7f129a4b9df6f6e2eb20cb7d431066f","fullName":"As a new user I should be able to create a new account and place an order: As a user I should be able to add a product to cart and proceed to make payment","labels":[{"name":"host","value":"BMT-LAP-71"},{"name":"thread","value":"15932@BMT-LAP-71.main(1)"},{"name":"feature","value":"As a new user I should be able to create a new account and place an order"},{"name":"story","value":"As a user I should be able to add a product to cart and proceed to make payment"},{"name":"suite","value":"As a new user I should be able to create a new account and place an order"},{"name":"testClass","value":"As a user I should be able to add a product to cart and proceed to make payment"},{"name":"framework","value":"cucumber4jvm"},{"name":"language","value":"java"},{"name":"gherkin_uri","value":"file:src/test/resources/features/PlaceOrder.feature"},{"name":"package","value":"src.test.resources.features.PlaceOrder_feature.As a new user I should be able to create a new account and place an order"}],"links":[]}